<?xml version="1.0" encoding="utf-8"?>
<!DOCTYPE coverage SYSTEM "http://cobertura.sourceforge.net/xml/coverage-04.dtd">
<coverage line-rate="0.851959361393324" branch-rate="0.656050955414013" lines-covered="587" lines-valid="689" branches-covered="103" branches-valid="157" complexity="195" version="0" timestamp="1693661085">
  <sources>
    <source>C:\Users\antho\</source>
  </sources>
  <packages>
    <package name="Battleships" line-rate="0.700296735905044" branch-rate="0.646258503401361" complexity="171">
      <classes>
        <class name="Battleships.AIController" filename="C:\Users\antho\Desktop\battleships\Battleships\Controllers\AIController.cs" line-rate="0.928571428571429" branch-rate="0.833333333333333" complexity="6">
          <methods>
            <method name="SetupBoardPieces" signature="(...)" line-rate="1" branch-rate="1" complexity="4">
              <lines>
                <line number="6" hits="1" branch="false" />
                <line number="7" hits="9" branch="true" condition-coverage="100% (2/2)" />
                <line number="8" hits="3" branch="false" />
                <line number="9" hits="3" branch="false" />
                <line number="13" hits="5" branch="true" condition-coverage="100% (2/2)" />
                <line number="14" hits="2" branch="false" />
                <line number="15" hits="3" branch="false" />
                <line number="16" hits="1" branch="false" />
              </lines>
            </method>
            <method name="GetRandomStrikePositionForBoard" signature="(...)" line-rate="0.833333333333333" branch-rate="0.5" complexity="2">
              <lines>
                <line number="19" hits="1000" branch="false" />
                <line number="20" hits="1000" branch="false" />
                <line number="24" hits="1000" branch="true" condition-coverage="50% (1/2)" />
                <line number="25" hits="0" branch="false" />
                <line number="27" hits="1000" branch="false" />
                <line number="28" hits="1000" branch="false" />
              </lines>
            </method>
          </methods>
          <lines>
            <line number="6" hits="1" branch="false" />
            <line number="7" hits="9" branch="true" condition-coverage="100% (2/2)" />
            <line number="8" hits="3" branch="false" />
            <line number="9" hits="3" branch="false" />
            <line number="13" hits="5" branch="true" condition-coverage="100% (2/2)" />
            <line number="14" hits="2" branch="false" />
            <line number="15" hits="3" branch="false" />
            <line number="16" hits="1" branch="false" />
            <line number="19" hits="1000" branch="false" />
            <line number="20" hits="1000" branch="false" />
            <line number="24" hits="1000" branch="true" condition-coverage="50% (1/2)" />
            <line number="25" hits="0" branch="false" />
            <line number="27" hits="1000" branch="false" />
            <line number="28" hits="1000" branch="false" />
          </lines>
        </class>
        <class name="Battleships.Board" filename="C:\Users\antho\Desktop\battleships\Battleships\Board.cs" line-rate="0.941176470588235" branch-rate="0.956521739130435" complexity="53">
          <methods>
            <method name="TryAddShip" signature="(...)" line-rate="1" branch-rate="1" complexity="2">
              <lines>
                <line number="11" hits="25" branch="false" />
                <line number="12" hits="25" branch="true" condition-coverage="100% (2/2)" />
                <line number="13" hits="11" branch="false" />
                <line number="15" hits="14" branch="false" />
                <line number="16" hits="14" branch="false" />
                <line number="17" hits="25" branch="false" />
              </lines>
            </method>
            <method name="GetCharForCell" signature="(...)" line-rate="1" branch-rate="1" complexity="6">
              <lines>
                <line number="23" hits="700" branch="false" />
                <line number="24" hits="700" branch="false" />
                <line number="26" hits="700" branch="true" condition-coverage="100% (2/2)" />
                <line number="27" hits="2" branch="false" />
                <line number="29" hits="698" branch="true" condition-coverage="100% (2/2)" />
                <line number="30" hits="598" branch="false" />
                <line number="31" hits="598" branch="false" />
                <line number="33" hits="598" branch="true" condition-coverage="100% (2/2)" />
                <line number="34" hits="29" branch="false" />
                <line number="35" hits="569" branch="false" />
                <line number="37" hits="669" branch="false" />
                <line number="38" hits="700" branch="false" />
              </lines>
            </method>
            <method name="GetRandomBoardPosition" signature="()" line-rate="1" branch-rate="1" complexity="1">
              <lines>
                <line number="41" hits="1005" branch="false" />
                <line number="42" hits="1005" branch="false" />
                <line number="43" hits="1005" branch="false" />
              </lines>
            </method>
            <method name="AnyShipsLeft" signature="()" line-rate="1" branch-rate="1" complexity="1">
              <lines>
                <line number="46" hits="3" branch="false" />
                <line number="47" hits="5" branch="false" />
                <line number="48" hits="3" branch="false" />
              </lines>
            </method>
            <method name="AttackCell" signature="(...)" line-rate="1" branch-rate="1" complexity="6">
              <lines>
                <line number="54" hits="8" branch="false" />
                <line number="55" hits="8" branch="true" condition-coverage="100% (2/2)" />
                <line number="56" hits="1" branch="false" />
                <line number="58" hits="7" branch="false" />
                <line number="60" hits="7" branch="true" condition-coverage="100% (2/2)" />
                <line number="61" hits="6" branch="false" />
                <line number="62" hits="6" branch="false" />
                <line number="64" hits="6" branch="true" condition-coverage="100% (2/2)" />
                <line number="65" hits="1" branch="false" />
                <line number="67" hits="5" branch="false" />
                <line number="70" hits="1" branch="false" />
                <line number="71" hits="1" branch="false" />
                <line number="72" hits="8" branch="false" />
              </lines>
            </method>
            <method name="ShipIsSunk" signature="(...)" line-rate="1" branch-rate="1" complexity="4">
              <lines>
                <line number="78" hits="8" branch="false" />
                <line number="79" hits="62" branch="true" condition-coverage="100% (2/2)" />
                <line number="80" hits="22" branch="true" condition-coverage="100% (2/2)" />
                <line number="81" hits="6" branch="false" />
                <line number="83" hits="2" branch="false" />
                <line number="84" hits="8" branch="false" />
              </lines>
            </method>
            <method name="GetShipAt" signature="(...)" line-rate="1" branch-rate="1" complexity="1">
              <lines>
                <line number="87" hits="605" branch="false" />
                <line number="88" hits="1410" branch="false" />
                <line number="89" hits="605" branch="false" />
              </lines>
            </method>
            <method name="IsShipPlacementValid" signature="(...)" line-rate="1" branch-rate="1" complexity="14">
              <lines>
                <line number="92" hits="25" branch="false" />
                <line number="94" hits="95" branch="true" condition-coverage="100% (2/2)" />
                <line number="95" hits="11" branch="true" condition-coverage="100% (2/2)" />
                <line number="96" hits="2" branch="false" />
                <line number="99" hits="196" branch="true" condition-coverage="100% (2/2)" />
                <line number="100" hits="68" branch="true" condition-coverage="100% (8/8)" />
                <line number="101" hits="9" branch="false" />
                <line number="103" hits="14" branch="false" />
                <line number="104" hits="25" branch="false" />
              </lines>
            </method>
            <method name="GetBoardString" signature="(...)" line-rate="1" branch-rate="1" complexity="4">
              <lines>
                <line number="110" hits="7" branch="false" />
                <line number="112" hits="7" branch="false" />
                <line number="115" hits="154" branch="true" condition-coverage="100% (2/2)" />
                <line number="116" hits="70" branch="false" />
                <line number="117" hits="70" branch="false" />
                <line number="118" hits="70" branch="false" />
                <line number="120" hits="1540" branch="true" condition-coverage="100% (2/2)" />
                <line number="121" hits="700" branch="false" />
                <line number="122" hits="700" branch="false" />
                <line number="123" hits="700" branch="false" />
                <line number="125" hits="70" branch="false" />
                <line number="126" hits="70" branch="false" />
                <line number="128" hits="7" branch="false" />
                <line number="129" hits="7" branch="false" />
                <line number="130" hits="7" branch="false" />
              </lines>
            </method>
            <method name="Print" signature="(...)" line-rate="0" branch-rate="1" complexity="1">
              <lines>
                <line number="133" hits="0" branch="false" />
                <line number="134" hits="0" branch="false" />
                <line number="135" hits="0" branch="false" />
                <line number="136" hits="0" branch="false" />
              </lines>
            </method>
            <method name="GetHorizontalLine" signature="()" line-rate="1" branch-rate="1" complexity="1">
              <lines>
                <line number="140" hits="84" branch="false" />
                <line number="141" hits="84" branch="false" />
                <line number="142" hits="84" branch="false" />
              </lines>
            </method>
            <method name="FormatCellItem" signature="(...)" line-rate="0.928571428571429" branch-rate="0.833333333333333" complexity="6">
              <lines>
                <line number="145" hits="847" branch="false" />
                <line number="146" hits="847" branch="false" />
                <line number="148" hits="847" branch="true" condition-coverage="75% (3/4)" />
                <line number="151" hits="7" branch="false" />
                <line number="152" hits="7" branch="false" />
                <line number="154" hits="833" branch="false" />
                <line number="155" hits="833" branch="false" />
                <line number="157" hits="7" branch="false" />
                <line number="158" hits="7" branch="false" />
                <line number="160" hits="0" branch="false" />
                <line number="163" hits="847" branch="true" condition-coverage="100% (2/2)" />
                <line number="164" hits="77" branch="false" />
                <line number="166" hits="847" branch="false" />
                <line number="167" hits="847" branch="false" />
              </lines>
            </method>
            <method name="FormatLineWithContents" signature="(...)" line-rate="0.875" branch-rate="0.75" complexity="4">
              <lines>
                <line number="170" hits="77" branch="false" />
                <line number="171" hits="77" branch="false" />
                <line number="173" hits="77" branch="true" condition-coverage="50% (1/2)" />
                <line number="174" hits="0" branch="false" />
                <line number="176" hits="1848" branch="true" condition-coverage="100% (2/2)" />
                <line number="177" hits="847" branch="false" />
                <line number="179" hits="77" branch="false" />
                <line number="180" hits="77" branch="false" />
              </lines>
            </method>
            <method name=".ctor" signature="()" line-rate="1" branch-rate="1" complexity="1">
              <lines>
                <line number="5" hits="14" branch="false" />
                <line number="7" hits="14" branch="false" />
              </lines>
            </method>
            <method name=".cctor" signature="()" line-rate="1" branch-rate="1" complexity="1">
              <lines>
                <line number="8" hits="1" branch="false" />
              </lines>
            </method>
          </methods>
          <lines>
            <line number="5" hits="14" branch="false" />
            <line number="7" hits="14" branch="false" />
            <line number="8" hits="1" branch="false" />
            <line number="11" hits="25" branch="false" />
            <line number="12" hits="25" branch="true" condition-coverage="100% (2/2)" />
            <line number="13" hits="11" branch="false" />
            <line number="15" hits="14" branch="false" />
            <line number="16" hits="14" branch="false" />
            <line number="17" hits="25" branch="false" />
            <line number="23" hits="700" branch="false" />
            <line number="24" hits="700" branch="false" />
            <line number="26" hits="700" branch="true" condition-coverage="100% (2/2)" />
            <line number="27" hits="2" branch="false" />
            <line number="29" hits="698" branch="true" condition-coverage="100% (2/2)" />
            <line number="30" hits="598" branch="false" />
            <line number="31" hits="598" branch="false" />
            <line number="33" hits="598" branch="true" condition-coverage="100% (2/2)" />
            <line number="34" hits="29" branch="false" />
            <line number="35" hits="569" branch="false" />
            <line number="37" hits="669" branch="false" />
            <line number="38" hits="700" branch="false" />
            <line number="41" hits="1005" branch="false" />
            <line number="42" hits="1005" branch="false" />
            <line number="43" hits="1005" branch="false" />
            <line number="46" hits="3" branch="false" />
            <line number="47" hits="5" branch="false" />
            <line number="48" hits="3" branch="false" />
            <line number="54" hits="8" branch="false" />
            <line number="55" hits="8" branch="true" condition-coverage="100% (2/2)" />
            <line number="56" hits="1" branch="false" />
            <line number="58" hits="7" branch="false" />
            <line number="60" hits="7" branch="true" condition-coverage="100% (2/2)" />
            <line number="61" hits="6" branch="false" />
            <line number="62" hits="6" branch="false" />
            <line number="64" hits="6" branch="true" condition-coverage="100% (2/2)" />
            <line number="65" hits="1" branch="false" />
            <line number="67" hits="5" branch="false" />
            <line number="70" hits="1" branch="false" />
            <line number="71" hits="1" branch="false" />
            <line number="72" hits="8" branch="false" />
            <line number="78" hits="8" branch="false" />
            <line number="79" hits="62" branch="true" condition-coverage="100% (2/2)" />
            <line number="80" hits="22" branch="true" condition-coverage="100% (2/2)" />
            <line number="81" hits="6" branch="false" />
            <line number="83" hits="2" branch="false" />
            <line number="84" hits="8" branch="false" />
            <line number="87" hits="605" branch="false" />
            <line number="88" hits="1410" branch="false" />
            <line number="89" hits="605" branch="false" />
            <line number="92" hits="25" branch="false" />
            <line number="94" hits="95" branch="true" condition-coverage="100% (2/2)" />
            <line number="95" hits="11" branch="true" condition-coverage="100% (2/2)" />
            <line number="96" hits="2" branch="false" />
            <line number="99" hits="196" branch="true" condition-coverage="100% (2/2)" />
            <line number="100" hits="68" branch="true" condition-coverage="100% (8/8)" />
            <line number="101" hits="9" branch="false" />
            <line number="103" hits="14" branch="false" />
            <line number="104" hits="25" branch="false" />
            <line number="110" hits="7" branch="false" />
            <line number="112" hits="7" branch="false" />
            <line number="115" hits="154" branch="true" condition-coverage="100% (2/2)" />
            <line number="116" hits="70" branch="false" />
            <line number="117" hits="70" branch="false" />
            <line number="118" hits="70" branch="false" />
            <line number="120" hits="1540" branch="true" condition-coverage="100% (2/2)" />
            <line number="121" hits="700" branch="false" />
            <line number="122" hits="700" branch="false" />
            <line number="123" hits="700" branch="false" />
            <line number="125" hits="70" branch="false" />
            <line number="126" hits="70" branch="false" />
            <line number="128" hits="7" branch="false" />
            <line number="129" hits="7" branch="false" />
            <line number="130" hits="7" branch="false" />
            <line number="133" hits="0" branch="false" />
            <line number="134" hits="0" branch="false" />
            <line number="135" hits="0" branch="false" />
            <line number="136" hits="0" branch="false" />
            <line number="140" hits="84" branch="false" />
            <line number="141" hits="84" branch="false" />
            <line number="142" hits="84" branch="false" />
            <line number="145" hits="847" branch="false" />
            <line number="146" hits="847" branch="false" />
            <line number="148" hits="847" branch="true" condition-coverage="75% (3/4)" />
            <line number="151" hits="7" branch="false" />
            <line number="152" hits="7" branch="false" />
            <line number="154" hits="833" branch="false" />
            <line number="155" hits="833" branch="false" />
            <line number="157" hits="7" branch="false" />
            <line number="158" hits="7" branch="false" />
            <line number="160" hits="0" branch="false" />
            <line number="163" hits="847" branch="true" condition-coverage="100% (2/2)" />
            <line number="164" hits="77" branch="false" />
            <line number="166" hits="847" branch="false" />
            <line number="167" hits="847" branch="false" />
            <line number="170" hits="77" branch="false" />
            <line number="171" hits="77" branch="false" />
            <line number="173" hits="77" branch="true" condition-coverage="50% (1/2)" />
            <line number="174" hits="0" branch="false" />
            <line number="176" hits="1848" branch="true" condition-coverage="100% (2/2)" />
            <line number="177" hits="847" branch="false" />
            <line number="179" hits="77" branch="false" />
            <line number="180" hits="77" branch="false" />
          </lines>
        </class>
        <class name="Battleships.GridStatus" filename="C:\Users\antho\Desktop\battleships\Battleships\Types\GridStatus.cs" line-rate="0.6" branch-rate="0.75" complexity="5">
          <methods>
            <method name="ToString" signature="()" line-rate="0.857142857142857" branch-rate="0.75" complexity="4">
              <lines>
                <line number="21" hits="700" branch="false" />
                <line number="22" hits="700" branch="true" condition-coverage="75% (3/4)" />
                <line number="25" hits="698" branch="false" />
                <line number="27" hits="1" branch="false" />
                <line number="29" hits="1" branch="false" />
                <line number="31" hits="0" branch="false" />
                <line number="33" hits="700" branch="false" />
              </lines>
            </method>
            <method name=".ctor" signature="()" line-rate="0" branch-rate="1" complexity="1">
              <lines>
                <line number="12" hits="0" branch="false" />
                <line number="16" hits="0" branch="false" />
                <line number="18" hits="0" branch="false" />
              </lines>
            </method>
          </methods>
          <lines>
            <line number="12" hits="0" branch="false" />
            <line number="16" hits="0" branch="false" />
            <line number="18" hits="0" branch="false" />
            <line number="21" hits="700" branch="false" />
            <line number="22" hits="700" branch="true" condition-coverage="75% (3/4)" />
            <line number="25" hits="698" branch="false" />
            <line number="27" hits="1" branch="false" />
            <line number="29" hits="1" branch="false" />
            <line number="31" hits="0" branch="false" />
            <line number="33" hits="700" branch="false" />
          </lines>
        </class>
        <class name="Battleships.InputController" filename="C:\Users\antho\Desktop\battleships\Battleships\Controllers\InputController.cs" line-rate="0.6" branch-rate="0" complexity="8">
          <methods>
            <method name="GetUserInput" signature="(...)" line-rate="0" branch-rate="0" complexity="6">
              <lines>
                <line number="9" hits="0" branch="false" />
                <line number="10" hits="0" branch="false" />
                <line number="11" hits="0" branch="true" condition-coverage="0% (0/2)" />
                <line number="13" hits="0" branch="false" />
                <line number="16" hits="0" branch="true" condition-coverage="0% (0/2)" />
                <line number="17" hits="0" branch="false" />
                <line number="18" hits="0" branch="false" />
                <line number="19" hits="0" branch="true" condition-coverage="0% (0/2)" />
                <line number="20" hits="0" branch="false" />
                <line number="21" hits="0" branch="false" />
                <line number="23" hits="0" branch="false" />
                <line number="24" hits="0" branch="false" />
              </lines>
            </method>
            <method name="ParseOrientationString" signature="(...)" line-rate="1" branch-rate="1" complexity="1">
              <lines>
                <line number="27" hits="12" branch="false" />
                <line number="31" hits="12" branch="false" />
                <line number="32" hits="12" branch="false" />
                <line number="33" hits="8" branch="false" />
                <line number="34" hits="4" branch="false" />
                <line number="35" hits="4" branch="false" />
                <line number="36" hits="4" branch="false" />
                <line number="39" hits="8" branch="false" />
                <line number="40" hits="12" branch="false" />
              </lines>
            </method>
            <method name="ParseVector2String" signature="(...)" line-rate="1" branch-rate="1" complexity="1">
              <lines>
                <line number="43" hits="14" branch="false" />
                <line number="47" hits="14" branch="false" />
                <line number="48" hits="14" branch="false" />
                <line number="49" hits="8" branch="false" />
                <line number="50" hits="6" branch="false" />
                <line number="51" hits="6" branch="false" />
                <line number="52" hits="6" branch="false" />
                <line number="55" hits="8" branch="false" />
                <line number="56" hits="14" branch="false" />
              </lines>
            </method>
          </methods>
          <lines>
            <line number="9" hits="0" branch="false" />
            <line number="10" hits="0" branch="false" />
            <line number="11" hits="0" branch="true" condition-coverage="0% (0/2)" />
            <line number="13" hits="0" branch="false" />
            <line number="16" hits="0" branch="true" condition-coverage="0% (0/2)" />
            <line number="17" hits="0" branch="false" />
            <line number="18" hits="0" branch="false" />
            <line number="19" hits="0" branch="true" condition-coverage="0% (0/2)" />
            <line number="20" hits="0" branch="false" />
            <line number="21" hits="0" branch="false" />
            <line number="23" hits="0" branch="false" />
            <line number="24" hits="0" branch="false" />
            <line number="27" hits="12" branch="false" />
            <line number="31" hits="12" branch="false" />
            <line number="32" hits="12" branch="false" />
            <line number="33" hits="8" branch="false" />
            <line number="34" hits="4" branch="false" />
            <line number="35" hits="4" branch="false" />
            <line number="36" hits="4" branch="false" />
            <line number="39" hits="8" branch="false" />
            <line number="40" hits="12" branch="false" />
            <line number="43" hits="14" branch="false" />
            <line number="47" hits="14" branch="false" />
            <line number="48" hits="14" branch="false" />
            <line number="49" hits="8" branch="false" />
            <line number="50" hits="6" branch="false" />
            <line number="51" hits="6" branch="false" />
            <line number="52" hits="6" branch="false" />
            <line number="55" hits="8" branch="false" />
            <line number="56" hits="14" branch="false" />
          </lines>
        </class>
        <class name="Battleships.Ship" filename="C:\Users\antho\Desktop\battleships\Battleships\Types\Ship.cs" line-rate="1" branch-rate="1" complexity="18">
          <methods>
            <method name="get_Position" signature="()" line-rate="1" branch-rate="1" complexity="1">
              <lines>
                <line number="5" hits="267" branch="false" />
              </lines>
            </method>
            <method name="get_Orientation" signature="()" line-rate="1" branch-rate="1" complexity="1">
              <lines>
                <line number="6" hits="52" branch="false" />
              </lines>
            </method>
            <method name="get_Definition" signature="()" line-rate="1" branch-rate="1" complexity="1">
              <lines>
                <line number="7" hits="198" branch="false" />
              </lines>
            </method>
            <method name="get_SpacesOccupied" signature="()" line-rate="1" branch-rate="1" complexity="1">
              <lines>
                <line number="8" hits="1002" branch="false" />
              </lines>
            </method>
            <method name="CalculateSpacesOccupied" signature="()" line-rate="1" branch-rate="1" complexity="6">
              <lines>
                <line number="20" hits="25" branch="false" />
                <line number="21" hits="25" branch="false" />
                <line number="23" hits="25" branch="true" condition-coverage="100% (2/2)" />
                <line number="24" hits="17" branch="false" />
                <line number="25" hits="258" branch="true" condition-coverage="100% (2/2)" />
                <line number="26" hits="69" branch="false" />
                <line number="27" hits="69" branch="false" />
                <line number="28" hits="69" branch="false" />
                <line number="29" hits="17" branch="false" />
                <line number="31" hits="8" branch="false" />
                <line number="32" hits="105" branch="true" condition-coverage="100% (2/2)" />
                <line number="33" hits="27" branch="false" />
                <line number="34" hits="27" branch="false" />
                <line number="35" hits="27" branch="false" />
                <line number="36" hits="8" branch="false" />
                <line number="37" hits="25" branch="false" />
              </lines>
            </method>
            <method name="SetPosition" signature="(...)" line-rate="1" branch-rate="1" complexity="1">
              <lines>
                <line number="42" hits="8" branch="false" />
                <line number="43" hits="8" branch="false" />
                <line number="44" hits="8" branch="false" />
                <line number="45" hits="8" branch="false" />
                <line number="46" hits="8" branch="false" />
              </lines>
            </method>
            <method name="DoesOccupySpace" signature="(...)" line-rate="1" branch-rate="1" complexity="2">
              <lines>
                <line number="50" hits="805" branch="false" />
                <line number="51" hits="3770" branch="true" condition-coverage="100% (2/2)" />
                <line number="52" hits="805" branch="false" />
              </lines>
            </method>
            <method name="DoesOccupySpaces" signature="(...)" line-rate="1" branch-rate="1" complexity="4">
              <lines>
                <line number="56" hits="11" branch="false" />
                <line number="57" hits="99" branch="true" condition-coverage="100% (2/2)" />
                <line number="58" hits="190" branch="true" condition-coverage="100% (2/2)" />
                <line number="59" hits="2" branch="false" />
                <line number="61" hits="9" branch="false" />
                <line number="62" hits="11" branch="false" />
              </lines>
            </method>
            <method name=".ctor" signature="(...)" line-rate="1" branch-rate="1" complexity="1">
              <lines>
                <line number="10" hits="17" branch="false" />
                <line number="11" hits="17" branch="false" />
                <line number="12" hits="17" branch="false" />
                <line number="13" hits="17" branch="false" />
                <line number="14" hits="17" branch="false" />
                <line number="16" hits="17" branch="false" />
                <line number="17" hits="17" branch="false" />
              </lines>
            </method>
          </methods>
          <lines>
            <line number="5" hits="267" branch="false" />
            <line number="6" hits="52" branch="false" />
            <line number="7" hits="198" branch="false" />
            <line number="8" hits="1002" branch="false" />
            <line number="10" hits="17" branch="false" />
            <line number="11" hits="17" branch="false" />
            <line number="12" hits="17" branch="false" />
            <line number="13" hits="17" branch="false" />
            <line number="14" hits="17" branch="false" />
            <line number="16" hits="17" branch="false" />
            <line number="17" hits="17" branch="false" />
            <line number="20" hits="25" branch="false" />
            <line number="21" hits="25" branch="false" />
            <line number="23" hits="25" branch="true" condition-coverage="100% (2/2)" />
            <line number="24" hits="17" branch="false" />
            <line number="25" hits="258" branch="true" condition-coverage="100% (2/2)" />
            <line number="26" hits="69" branch="false" />
            <line number="27" hits="69" branch="false" />
            <line number="28" hits="69" branch="false" />
            <line number="29" hits="17" branch="false" />
            <line number="31" hits="8" branch="false" />
            <line number="32" hits="105" branch="true" condition-coverage="100% (2/2)" />
            <line number="33" hits="27" branch="false" />
            <line number="34" hits="27" branch="false" />
            <line number="35" hits="27" branch="false" />
            <line number="36" hits="8" branch="false" />
            <line number="37" hits="25" branch="false" />
            <line number="42" hits="8" branch="false" />
            <line number="43" hits="8" branch="false" />
            <line number="44" hits="8" branch="false" />
            <line number="45" hits="8" branch="false" />
            <line number="46" hits="8" branch="false" />
            <line number="50" hits="805" branch="false" />
            <line number="51" hits="3770" branch="true" condition-coverage="100% (2/2)" />
            <line number="52" hits="805" branch="false" />
            <line number="56" hits="11" branch="false" />
            <line number="57" hits="99" branch="true" condition-coverage="100% (2/2)" />
            <line number="58" hits="190" branch="true" condition-coverage="100% (2/2)" />
            <line number="59" hits="2" branch="false" />
            <line number="61" hits="9" branch="false" />
            <line number="62" hits="11" branch="false" />
          </lines>
        </class>
        <class name="Battleships.ShipDefinition" filename="C:\Users\antho\Desktop\battleships\Battleships\Types\ShipDefinition.cs" line-rate="1" branch-rate="1" complexity="2">
          <methods>
            <method name="GetBoardRepresentation" signature="()" line-rate="1" branch-rate="1" complexity="1">
              <lines>
                <line number="15" hits="29" branch="false" />
                <line number="18" hits="29" branch="false" />
                <line number="19" hits="29" branch="false" />
              </lines>
            </method>
            <method name=".ctor" signature="(...)" line-rate="1" branch-rate="1" complexity="1">
              <lines>
                <line number="8" hits="17" branch="false" />
                <line number="9" hits="17" branch="false" />
                <line number="10" hits="17" branch="false" />
                <line number="11" hits="17" branch="false" />
                <line number="12" hits="17" branch="false" />
              </lines>
            </method>
          </methods>
          <lines>
            <line number="8" hits="17" branch="false" />
            <line number="9" hits="17" branch="false" />
            <line number="10" hits="17" branch="false" />
            <line number="11" hits="17" branch="false" />
            <line number="12" hits="17" branch="false" />
            <line number="15" hits="29" branch="false" />
            <line number="18" hits="29" branch="false" />
            <line number="19" hits="29" branch="false" />
          </lines>
        </class>
        <class name="Battleships.ShipOrientation" filename="C:\Users\antho\Desktop\battleships\Battleships\Types\ShipOrientation.cs" line-rate="0.875" branch-rate="0.75" complexity="13">
          <methods>
            <method name="ParseShipOrientation" signature="(...)" line-rate="1" branch-rate="1" complexity="8">
              <lines>
                <line number="19" hits="12" branch="false" />
                <line number="20" hits="12" branch="true" condition-coverage="100% (8/8)" />
                <line number="23" hits="2" branch="false" />
                <line number="25" hits="2" branch="false" />
                <line number="27" hits="2" branch="false" />
                <line number="29" hits="2" branch="false" />
                <line number="31" hits="4" branch="false" />
                <line number="33" hits="8" branch="false" />
              </lines>
            </method>
            <method name="GetRandomOrientation" signature="()" line-rate="0.714285714285714" branch-rate="0.25" complexity="4">
              <lines>
                <line number="36" hits="3" branch="false" />
                <line number="37" hits="3" branch="false" />
                <line number="39" hits="3" branch="true" condition-coverage="25% (1/4)" />
                <line number="42" hits="3" branch="false" />
                <line number="44" hits="0" branch="false" />
                <line number="46" hits="0" branch="false" />
                <line number="48" hits="3" branch="false" />
              </lines>
            </method>
            <method name=".cctor" signature="()" line-rate="1" branch-rate="1" complexity="1">
              <lines>
                <line number="16" hits="1" branch="false" />
              </lines>
            </method>
          </methods>
          <lines>
            <line number="16" hits="1" branch="false" />
            <line number="19" hits="12" branch="false" />
            <line number="20" hits="12" branch="true" condition-coverage="100% (8/8)" />
            <line number="23" hits="2" branch="false" />
            <line number="25" hits="2" branch="false" />
            <line number="27" hits="2" branch="false" />
            <line number="29" hits="2" branch="false" />
            <line number="31" hits="4" branch="false" />
            <line number="33" hits="8" branch="false" />
            <line number="36" hits="3" branch="false" />
            <line number="37" hits="3" branch="false" />
            <line number="39" hits="3" branch="true" condition-coverage="25% (1/4)" />
            <line number="42" hits="3" branch="false" />
            <line number="44" hits="0" branch="false" />
            <line number="46" hits="0" branch="false" />
            <line number="48" hits="3" branch="false" />
          </lines>
        </class>
        <class name="Battleships.StringHelpers" filename="C:\Users\antho\Desktop\battleships\Battleships\Helpers\StringHelpers.cs" line-rate="0.384615384615385" branch-rate="0.347826086956522" complexity="23">
          <methods>
            <method name="IntToOrdinal" signature="(...)" line-rate="0" branch-rate="0" complexity="11">
              <lines>
                <line number="6" hits="0" branch="false" />
                <line number="7" hits="0" branch="true" condition-coverage="0% (0/11)" />
                <line number="10" hits="0" branch="false" />
                <line number="12" hits="0" branch="false" />
                <line number="14" hits="0" branch="false" />
                <line number="16" hits="0" branch="false" />
                <line number="18" hits="0" branch="false" />
                <line number="20" hits="0" branch="false" />
                <line number="22" hits="0" branch="false" />
                <line number="24" hits="0" branch="false" />
                <line number="26" hits="0" branch="false" />
                <line number="28" hits="0" branch="false" />
                <line number="33" hits="0" branch="false" />
                <line number="35" hits="0" branch="false" />
              </lines>
            </method>
            <method name="NthLetterOfAlphabet" signature="(...)" line-rate="0.8" branch-rate="0.5" complexity="4">
              <lines>
                <line number="41" hits="79" branch="false" />
                <line number="42" hits="79" branch="true" condition-coverage="50% (2/4)" />
                <line number="43" hits="0" branch="false" />
                <line number="45" hits="79" branch="false" />
                <line number="46" hits="79" branch="false" />
              </lines>
            </method>
            <method name="LetterToAlphabetNth" signature="(...)" line-rate="0.857142857142857" branch-rate="0.75" complexity="8">
              <lines>
                <line number="53" hits="26" branch="false" />
                <line number="55" hits="26" branch="true" condition-coverage="100% (4/4)" />
                <line number="56" hits="2" branch="false" />
                <line number="59" hits="24" branch="true" condition-coverage="50% (2/4)" />
                <line number="60" hits="24" branch="false" />
                <line number="62" hits="0" branch="false" />
                <line number="63" hits="26" branch="false" />
              </lines>
            </method>
          </methods>
          <lines>
            <line number="6" hits="0" branch="false" />
            <line number="7" hits="0" branch="true" condition-coverage="0% (0/11)" />
            <line number="10" hits="0" branch="false" />
            <line number="12" hits="0" branch="false" />
            <line number="14" hits="0" branch="false" />
            <line number="16" hits="0" branch="false" />
            <line number="18" hits="0" branch="false" />
            <line number="20" hits="0" branch="false" />
            <line number="22" hits="0" branch="false" />
            <line number="24" hits="0" branch="false" />
            <line number="26" hits="0" branch="false" />
            <line number="28" hits="0" branch="false" />
            <line number="33" hits="0" branch="false" />
            <line number="35" hits="0" branch="false" />
            <line number="41" hits="79" branch="false" />
            <line number="42" hits="79" branch="true" condition-coverage="50% (2/4)" />
            <line number="43" hits="0" branch="false" />
            <line number="45" hits="79" branch="false" />
            <line number="46" hits="79" branch="false" />
            <line number="53" hits="26" branch="false" />
            <line number="55" hits="26" branch="true" condition-coverage="100% (4/4)" />
            <line number="56" hits="2" branch="false" />
            <line number="59" hits="24" branch="true" condition-coverage="50% (2/4)" />
            <line number="60" hits="24" branch="false" />
            <line number="62" hits="0" branch="false" />
            <line number="63" hits="26" branch="false" />
          </lines>
        </class>
        <class name="Battleships.Vector2Int" filename="C:\Users\antho\Desktop\battleships\Battleships\Types\Vector2Int.cs" line-rate="0.851851851851852" branch-rate="0.7" complexity="23">
          <methods>
            <method name="Equals" signature="(...)" line-rate="0.714285714285714" branch-rate="0.625" complexity="8">
              <lines>
                <line number="17" hits="173" branch="false" />
                <line number="18" hits="173" branch="true" condition-coverage="50% (1/2)" />
                <line number="19" hits="0" branch="false" />
                <line number="21" hits="173" branch="true" condition-coverage="50% (2/4)" />
                <line number="22" hits="173" branch="true" condition-coverage="100% (2/2)" />
                <line number="24" hits="0" branch="false" />
                <line number="25" hits="173" branch="false" />
              </lines>
            </method>
            <method name="GetHashCode" signature="()" line-rate="0" branch-rate="1" complexity="1">
              <lines>
                <line number="28" hits="0" branch="false" />
              </lines>
            </method>
            <method name="ToCellCoordinate" signature="()" line-rate="1" branch-rate="1" complexity="1">
              <lines>
                <line number="34" hits="9" branch="false" />
                <line number="35" hits="9" branch="false" />
                <line number="36" hits="9" branch="false" />
              </lines>
            </method>
            <method name="ParseVector2Int" signature="(...)" line-rate="0.916666666666667" branch-rate="0.75" complexity="12">
              <lines>
                <line number="39" hits="30" branch="false" />
                <line number="40" hits="30" branch="true" condition-coverage="75% (3/4)" />
                <line number="41" hits="4" branch="false" />
                <line number="43" hits="26" branch="false" />
                <line number="45" hits="26" branch="false" />
                <line number="49" hits="26" branch="false" />
                <line number="51" hits="24" branch="true" condition-coverage="50% (2/4)" />
                <line number="52" hits="0" branch="false" />
                <line number="54" hits="24" branch="true" condition-coverage="100% (4/4)" />
                <line number="55" hits="3" branch="false" />
                <line number="57" hits="21" branch="false" />
                <line number="58" hits="21" branch="false" />
              </lines>
            </method>
            <method name=".ctor" signature="(...)" line-rate="1" branch-rate="1" complexity="1">
              <lines>
                <line number="9" hits="1164" branch="false" />
                <line number="10" hits="1164" branch="false" />
                <line number="11" hits="1164" branch="false" />
                <line number="12" hits="1164" branch="false" />
              </lines>
            </method>
          </methods>
          <lines>
            <line number="9" hits="1164" branch="false" />
            <line number="10" hits="1164" branch="false" />
            <line number="11" hits="1164" branch="false" />
            <line number="12" hits="1164" branch="false" />
            <line number="17" hits="173" branch="false" />
            <line number="18" hits="173" branch="true" condition-coverage="50% (1/2)" />
            <line number="19" hits="0" branch="false" />
            <line number="21" hits="173" branch="true" condition-coverage="50% (2/4)" />
            <line number="22" hits="173" branch="true" condition-coverage="100% (2/2)" />
            <line number="24" hits="0" branch="false" />
            <line number="25" hits="173" branch="false" />
            <line number="28" hits="0" branch="false" />
            <line number="34" hits="9" branch="false" />
            <line number="35" hits="9" branch="false" />
            <line number="36" hits="9" branch="false" />
            <line number="39" hits="30" branch="false" />
            <line number="40" hits="30" branch="true" condition-coverage="75% (3/4)" />
            <line number="41" hits="4" branch="false" />
            <line number="43" hits="26" branch="false" />
            <line number="45" hits="26" branch="false" />
            <line number="49" hits="26" branch="false" />
            <line number="51" hits="24" branch="true" condition-coverage="50% (2/4)" />
            <line number="52" hits="0" branch="false" />
            <line number="54" hits="24" branch="true" condition-coverage="100% (4/4)" />
            <line number="55" hits="3" branch="false" />
            <line number="57" hits="21" branch="false" />
            <line number="58" hits="21" branch="false" />
          </lines>
        </class>
        <class name="Program" filename="C:\Users\antho\Desktop\battleships\Battleships\Main.cs" line-rate="0.111111111111111" branch-rate="0" complexity="20">
          <methods>
            <method name="Main" signature="(...)" line-rate="0" branch-rate="1" complexity="1">
              <lines>
                <line number="19" hits="0" branch="false" />
                <line number="20" hits="0" branch="false" />
                <line number="21" hits="0" branch="false" />
                <line number="22" hits="0" branch="false" />
              </lines>
            </method>
            <method name="SetupGame" signature="()" line-rate="0" branch-rate="0" complexity="4">
              <lines>
                <line number="25" hits="0" branch="false" />
                <line number="26" hits="0" branch="false" />
                <line number="28" hits="0" branch="false" />
                <line number="29" hits="0" branch="false" />
                <line number="31" hits="0" branch="true" condition-coverage="0% (0/2)" />
                <line number="32" hits="0" branch="false" />
                <line number="33" hits="0" branch="false" />
                <line number="35" hits="0" branch="true" condition-coverage="0% (0/2)" />
                <line number="36" hits="0" branch="false" />
                <line number="38" hits="0" branch="false" />
                <line number="39" hits="0" branch="false" />
                <line number="40" hits="0" branch="false" />
              </lines>
            </method>
            <method name="PlayerSetupShipRoutine" signature="(...)" line-rate="0" branch-rate="0" complexity="8">
              <lines>
                <line number="43" hits="0" branch="false" />
                <line number="44" hits="0" branch="true" condition-coverage="0% (0/2)" />
                <line number="45" hits="0" branch="false" />
                <line number="46" hits="0" branch="false" />
                <line number="48" hits="0" branch="true" condition-coverage="0% (0/2)" />
                <line number="49" hits="0" branch="false" />
                <line number="51" hits="0" branch="false" />
                <line number="53" hits="0" branch="true" condition-coverage="0% (0/2)" />
                <line number="54" hits="0" branch="false" />
                <line number="55" hits="0" branch="true" condition-coverage="0% (0/2)" />
                <line number="56" hits="0" branch="false" />
                <line number="57" hits="0" branch="false" />
                <line number="58" hits="0" branch="false" />
                <line number="59" hits="0" branch="false" />
              </lines>
            </method>
            <method name="GameplayLoop" signature="()" line-rate="0" branch-rate="0" complexity="6">
              <lines>
                <line number="62" hits="0" branch="false" />
                <line number="63" hits="0" branch="false" />
                <line number="64" hits="0" branch="false" />
                <line number="65" hits="0" branch="false" />
                <line number="67" hits="0" branch="true" condition-coverage="0% (0/2)" />
                <line number="68" hits="0" branch="false" />
                <line number="69" hits="0" branch="false" />
                <line number="70" hits="0" branch="false" />
                <line number="72" hits="0" branch="true" condition-coverage="0% (0/2)" />
                <line number="73" hits="0" branch="false" />
                <line number="74" hits="0" branch="false" />
                <line number="75" hits="0" branch="false" />
                <line number="78" hits="0" branch="false" />
                <line number="80" hits="0" branch="false" />
                <line number="81" hits="0" branch="false" />
                <line number="82" hits="0" branch="false" />
                <line number="84" hits="0" branch="false" />
                <line number="85" hits="0" branch="false" />
                <line number="86" hits="0" branch="false" />
                <line number="88" hits="0" branch="true" condition-coverage="0% (0/2)" />
                <line number="89" hits="0" branch="false" />
                <line number="90" hits="0" branch="false" />
                <line number="91" hits="0" branch="false" />
                <line number="94" hits="0" branch="false" />
                <line number="95" hits="0" branch="false" />
                <line number="96" hits="0" branch="false" />
              </lines>
            </method>
            <method name=".cctor" signature="()" line-rate="1" branch-rate="1" complexity="1">
              <lines>
                <line number="8" hits="1" branch="false" />
                <line number="9" hits="1" branch="false" />
                <line number="12" hits="1" branch="false" />
                <line number="13" hits="1" branch="false" />
                <line number="14" hits="1" branch="false" />
                <line number="15" hits="1" branch="false" />
                <line number="16" hits="1" branch="false" />
              </lines>
            </method>
          </methods>
          <lines>
            <line number="8" hits="1" branch="false" />
            <line number="9" hits="1" branch="false" />
            <line number="12" hits="1" branch="false" />
            <line number="13" hits="1" branch="false" />
            <line number="14" hits="1" branch="false" />
            <line number="15" hits="1" branch="false" />
            <line number="16" hits="1" branch="false" />
            <line number="19" hits="0" branch="false" />
            <line number="20" hits="0" branch="false" />
            <line number="21" hits="0" branch="false" />
            <line number="22" hits="0" branch="false" />
            <line number="25" hits="0" branch="false" />
            <line number="26" hits="0" branch="false" />
            <line number="28" hits="0" branch="false" />
            <line number="29" hits="0" branch="false" />
            <line number="31" hits="0" branch="true" condition-coverage="0% (0/2)" />
            <line number="32" hits="0" branch="false" />
            <line number="33" hits="0" branch="false" />
            <line number="35" hits="0" branch="true" condition-coverage="0% (0/2)" />
            <line number="36" hits="0" branch="false" />
            <line number="38" hits="0" branch="false" />
            <line number="39" hits="0" branch="false" />
            <line number="40" hits="0" branch="false" />
            <line number="43" hits="0" branch="false" />
            <line number="44" hits="0" branch="true" condition-coverage="0% (0/2)" />
            <line number="45" hits="0" branch="false" />
            <line number="46" hits="0" branch="false" />
            <line number="48" hits="0" branch="true" condition-coverage="0% (0/2)" />
            <line number="49" hits="0" branch="false" />
            <line number="51" hits="0" branch="false" />
            <line number="53" hits="0" branch="true" condition-coverage="0% (0/2)" />
            <line number="54" hits="0" branch="false" />
            <line number="55" hits="0" branch="true" condition-coverage="0% (0/2)" />
            <line number="56" hits="0" branch="false" />
            <line number="57" hits="0" branch="false" />
            <line number="58" hits="0" branch="false" />
            <line number="59" hits="0" branch="false" />
            <line number="62" hits="0" branch="false" />
            <line number="63" hits="0" branch="false" />
            <line number="64" hits="0" branch="false" />
            <line number="65" hits="0" branch="false" />
            <line number="67" hits="0" branch="true" condition-coverage="0% (0/2)" />
            <line number="68" hits="0" branch="false" />
            <line number="69" hits="0" branch="false" />
            <line number="70" hits="0" branch="false" />
            <line number="72" hits="0" branch="true" condition-coverage="0% (0/2)" />
            <line number="73" hits="0" branch="false" />
            <line number="74" hits="0" branch="false" />
            <line number="75" hits="0" branch="false" />
            <line number="78" hits="0" branch="false" />
            <line number="80" hits="0" branch="false" />
            <line number="81" hits="0" branch="false" />
            <line number="82" hits="0" branch="false" />
            <line number="84" hits="0" branch="false" />
            <line number="85" hits="0" branch="false" />
            <line number="86" hits="0" branch="false" />
            <line number="88" hits="0" branch="true" condition-coverage="0% (0/2)" />
            <line number="89" hits="0" branch="false" />
            <line number="90" hits="0" branch="false" />
            <line number="91" hits="0" branch="false" />
            <line number="94" hits="0" branch="false" />
            <line number="95" hits="0" branch="false" />
            <line number="96" hits="0" branch="false" />
          </lines>
        </class>
      </classes>
    </package>
    <package name="BattleshipTests" line-rate="0.997159090909091" branch-rate="0.8" complexity="24">
      <classes>
        <class name="AutoGeneratedProgram" filename="C:\Users\antho\.nuget\packages\microsoft.net.test.sdk\17.5.0\build\netcoreapp3.1\Microsoft.NET.Test.Sdk.Program.cs" line-rate="0" branch-rate="1" complexity="1">
          <methods>
            <method name="Main" signature="(...)" line-rate="0" branch-rate="1" complexity="1">
              <lines>
                <line number="4" hits="0" branch="false" />
              </lines>
            </method>
          </methods>
          <lines>
            <line number="4" hits="0" branch="false" />
          </lines>
        </class>
        <class name="BattleshipTests.AIControllerTests" filename="C:\Users\antho\Desktop\battleships\BattleshipTests\AIControllerTests.cs" line-rate="1" branch-rate="0.666666666666667" complexity="7">
          <methods>
            <method name="SetupBoardPieces_Works" signature="()" line-rate="1" branch-rate="1" complexity="1">
              <lines>
                <line number="10" hits="1" branch="false" />
                <line number="11" hits="1" branch="false" />
                <line number="13" hits="1" branch="false" />
                <line number="15" hits="1" branch="false" />
                <line number="18" hits="1060" branch="false" />
                <line number="19" hits="1060" branch="false" />
                <line number="20" hits="1" branch="false" />
              </lines>
            </method>
            <method name="GetRandomStrikePositionForBoard_Works" signature="()" line-rate="1" branch-rate="0.666666666666667" complexity="6">
              <lines>
                <line number="24" hits="1" branch="false" />
                <line number="25" hits="1" branch="false" />
                <line number="27" hits="2002" branch="true" condition-coverage="100% (2/2)" />
                <line number="28" hits="1000" branch="false" />
                <line number="29" hits="1000" branch="false" />
                <line number="31" hits="1000" branch="true" condition-coverage="50% (1/2)" />
                <line number="32" hits="1000" branch="true" condition-coverage="50% (1/2)" />
                <line number="33" hits="1000" branch="false" />
                <line number="34" hits="1" branch="false" />
              </lines>
            </method>
          </methods>
          <lines>
            <line number="10" hits="1" branch="false" />
            <line number="11" hits="1" branch="false" />
            <line number="13" hits="1" branch="false" />
            <line number="15" hits="1" branch="false" />
            <line number="18" hits="1060" branch="false" />
            <line number="19" hits="1060" branch="false" />
            <line number="20" hits="1" branch="false" />
            <line number="24" hits="1" branch="false" />
            <line number="25" hits="1" branch="false" />
            <line number="27" hits="2002" branch="true" condition-coverage="100% (2/2)" />
            <line number="28" hits="1000" branch="false" />
            <line number="29" hits="1000" branch="false" />
            <line number="31" hits="1000" branch="true" condition-coverage="50% (1/2)" />
            <line number="32" hits="1000" branch="true" condition-coverage="50% (1/2)" />
            <line number="33" hits="1000" branch="false" />
            <line number="34" hits="1" branch="false" />
          </lines>
        </class>
        <class name="BattleshipTests.BoardTests" filename="C:\Users\antho\Desktop\battleships\BattleshipTests\BoardTests.cs" line-rate="1" branch-rate="1" complexity="10">
          <methods>
            <method name="GetBoardString_WhenBoardEmpty_PrintsCorrectly" signature="()" line-rate="1" branch-rate="1" complexity="1">
              <lines>
                <line number="10" hits="1" branch="false" />
                <line number="11" hits="1" branch="false" />
                <line number="13" hits="1" branch="false" />
                <line number="14" hits="1" branch="false" />
                <line number="15" hits="1" branch="false" />
                <line number="16" hits="1" branch="false" />
                <line number="17" hits="1" branch="false" />
                <line number="18" hits="1" branch="false" />
                <line number="19" hits="1" branch="false" />
                <line number="20" hits="1" branch="false" />
                <line number="21" hits="1" branch="false" />
                <line number="22" hits="1" branch="false" />
                <line number="23" hits="1" branch="false" />
                <line number="24" hits="1" branch="false" />
                <line number="25" hits="1" branch="false" />
                <line number="26" hits="1" branch="false" />
                <line number="27" hits="1" branch="false" />
                <line number="28" hits="1" branch="false" />
                <line number="29" hits="1" branch="false" />
                <line number="30" hits="1" branch="false" />
                <line number="31" hits="1" branch="false" />
                <line number="32" hits="1" branch="false" />
                <line number="33" hits="1" branch="false" />
                <line number="34" hits="1" branch="false" />
                <line number="35" hits="1" branch="false" />
                <line number="36" hits="1" branch="false" />
                <line number="37" hits="1" branch="false" />
                <line number="38" hits="1" branch="false" />
                <line number="39" hits="1" branch="false" />
                <line number="40" hits="1" branch="false" />
                <line number="41" hits="1" branch="false" />
                <line number="42" hits="1" branch="false" />
              </lines>
            </method>
            <method name="GetBoardString_PrintsOneShipCorrectly" signature="()" line-rate="1" branch-rate="1" complexity="1">
              <lines>
                <line number="46" hits="1" branch="false" />
                <line number="47" hits="1" branch="false" />
                <line number="49" hits="1" branch="false" />
                <line number="50" hits="1" branch="false" />
                <line number="52" hits="1" branch="false" />
                <line number="53" hits="1" branch="false" />
                <line number="54" hits="1" branch="false" />
                <line number="55" hits="1" branch="false" />
                <line number="56" hits="1" branch="false" />
                <line number="57" hits="1" branch="false" />
                <line number="58" hits="1" branch="false" />
                <line number="59" hits="1" branch="false" />
                <line number="60" hits="1" branch="false" />
                <line number="61" hits="1" branch="false" />
                <line number="62" hits="1" branch="false" />
                <line number="63" hits="1" branch="false" />
                <line number="64" hits="1" branch="false" />
                <line number="65" hits="1" branch="false" />
                <line number="66" hits="1" branch="false" />
                <line number="67" hits="1" branch="false" />
                <line number="68" hits="1" branch="false" />
                <line number="69" hits="1" branch="false" />
                <line number="70" hits="1" branch="false" />
                <line number="71" hits="1" branch="false" />
                <line number="72" hits="1" branch="false" />
                <line number="73" hits="1" branch="false" />
                <line number="74" hits="1" branch="false" />
                <line number="75" hits="1" branch="false" />
                <line number="76" hits="1" branch="false" />
                <line number="77" hits="1" branch="false" />
                <line number="78" hits="1" branch="false" />
                <line number="79" hits="1" branch="false" />
                <line number="80" hits="1" branch="false" />
                <line number="81" hits="1" branch="false" />
              </lines>
            </method>
            <method name="GetBoardString_PrintsTwoShipsCorrectly" signature="()" line-rate="1" branch-rate="1" complexity="1">
              <lines>
                <line number="85" hits="1" branch="false" />
                <line number="86" hits="1" branch="false" />
                <line number="88" hits="1" branch="false" />
                <line number="89" hits="1" branch="false" />
                <line number="91" hits="1" branch="false" />
                <line number="92" hits="1" branch="false" />
                <line number="94" hits="1" branch="false" />
                <line number="95" hits="1" branch="false" />
                <line number="96" hits="1" branch="false" />
                <line number="97" hits="1" branch="false" />
                <line number="98" hits="1" branch="false" />
                <line number="99" hits="1" branch="false" />
                <line number="100" hits="1" branch="false" />
                <line number="101" hits="1" branch="false" />
                <line number="102" hits="1" branch="false" />
                <line number="103" hits="1" branch="false" />
                <line number="104" hits="1" branch="false" />
                <line number="105" hits="1" branch="false" />
                <line number="106" hits="1" branch="false" />
                <line number="107" hits="1" branch="false" />
                <line number="108" hits="1" branch="false" />
                <line number="109" hits="1" branch="false" />
                <line number="110" hits="1" branch="false" />
                <line number="111" hits="1" branch="false" />
                <line number="112" hits="1" branch="false" />
                <line number="113" hits="1" branch="false" />
                <line number="114" hits="1" branch="false" />
                <line number="115" hits="1" branch="false" />
                <line number="116" hits="1" branch="false" />
                <line number="117" hits="1" branch="false" />
                <line number="118" hits="1" branch="false" />
                <line number="119" hits="1" branch="false" />
                <line number="120" hits="1" branch="false" />
                <line number="121" hits="1" branch="false" />
                <line number="122" hits="1" branch="false" />
                <line number="123" hits="1" branch="false" />
              </lines>
            </method>
            <method name="GetBoardString_ShowShips_HidesShipsWhenFalse" signature="()" line-rate="1" branch-rate="1" complexity="1">
              <lines>
                <line number="127" hits="1" branch="false" />
                <line number="128" hits="1" branch="false" />
                <line number="130" hits="1" branch="false" />
                <line number="131" hits="1" branch="false" />
                <line number="133" hits="1" branch="false" />
                <line number="134" hits="1" branch="false" />
                <line number="136" hits="1" branch="false" />
                <line number="137" hits="1" branch="false" />
                <line number="138" hits="1" branch="false" />
                <line number="139" hits="1" branch="false" />
                <line number="140" hits="1" branch="false" />
                <line number="141" hits="1" branch="false" />
                <line number="142" hits="1" branch="false" />
                <line number="143" hits="1" branch="false" />
                <line number="144" hits="1" branch="false" />
                <line number="145" hits="1" branch="false" />
                <line number="146" hits="1" branch="false" />
                <line number="147" hits="1" branch="false" />
                <line number="148" hits="1" branch="false" />
                <line number="149" hits="1" branch="false" />
                <line number="150" hits="1" branch="false" />
                <line number="151" hits="1" branch="false" />
                <line number="152" hits="1" branch="false" />
                <line number="153" hits="1" branch="false" />
                <line number="154" hits="1" branch="false" />
                <line number="155" hits="1" branch="false" />
                <line number="156" hits="1" branch="false" />
                <line number="157" hits="1" branch="false" />
                <line number="158" hits="1" branch="false" />
                <line number="159" hits="1" branch="false" />
                <line number="160" hits="1" branch="false" />
                <line number="161" hits="1" branch="false" />
                <line number="162" hits="1" branch="false" />
                <line number="163" hits="1" branch="false" />
                <line number="164" hits="1" branch="false" />
                <line number="165" hits="1" branch="false" />
              </lines>
            </method>
            <method name="GetBoardString_ShowsHits" signature="()" line-rate="1" branch-rate="1" complexity="1">
              <lines>
                <line number="169" hits="1" branch="false" />
                <line number="170" hits="1" branch="false" />
                <line number="172" hits="1" branch="false" />
                <line number="173" hits="1" branch="false" />
                <line number="175" hits="1" branch="false" />
                <line number="176" hits="1" branch="false" />
                <line number="178" hits="1" branch="false" />
                <line number="179" hits="1" branch="false" />
                <line number="180" hits="1" branch="false" />
                <line number="181" hits="1" branch="false" />
                <line number="182" hits="1" branch="false" />
                <line number="183" hits="1" branch="false" />
                <line number="184" hits="1" branch="false" />
                <line number="185" hits="1" branch="false" />
                <line number="186" hits="1" branch="false" />
                <line number="187" hits="1" branch="false" />
                <line number="188" hits="1" branch="false" />
                <line number="189" hits="1" branch="false" />
                <line number="190" hits="1" branch="false" />
                <line number="191" hits="1" branch="false" />
                <line number="192" hits="1" branch="false" />
                <line number="193" hits="1" branch="false" />
                <line number="194" hits="1" branch="false" />
                <line number="195" hits="1" branch="false" />
                <line number="196" hits="1" branch="false" />
                <line number="197" hits="1" branch="false" />
                <line number="198" hits="1" branch="false" />
                <line number="199" hits="1" branch="false" />
                <line number="200" hits="1" branch="false" />
                <line number="201" hits="1" branch="false" />
                <line number="202" hits="1" branch="false" />
                <line number="203" hits="1" branch="false" />
                <line number="204" hits="1" branch="false" />
                <line number="205" hits="1" branch="false" />
                <line number="206" hits="1" branch="false" />
                <line number="207" hits="1" branch="false" />
              </lines>
            </method>
            <method name="GetBoardString_ShowsMisses" signature="()" line-rate="1" branch-rate="1" complexity="1">
              <lines>
                <line number="211" hits="1" branch="false" />
                <line number="212" hits="1" branch="false" />
                <line number="214" hits="1" branch="false" />
                <line number="215" hits="1" branch="false" />
                <line number="217" hits="1" branch="false" />
                <line number="218" hits="1" branch="false" />
                <line number="220" hits="1" branch="false" />
                <line number="221" hits="1" branch="false" />
                <line number="222" hits="1" branch="false" />
                <line number="223" hits="1" branch="false" />
                <line number="224" hits="1" branch="false" />
                <line number="225" hits="1" branch="false" />
                <line number="226" hits="1" branch="false" />
                <line number="227" hits="1" branch="false" />
                <line number="228" hits="1" branch="false" />
                <line number="229" hits="1" branch="false" />
                <line number="230" hits="1" branch="false" />
                <line number="231" hits="1" branch="false" />
                <line number="232" hits="1" branch="false" />
                <line number="233" hits="1" branch="false" />
                <line number="234" hits="1" branch="false" />
                <line number="235" hits="1" branch="false" />
                <line number="236" hits="1" branch="false" />
                <line number="237" hits="1" branch="false" />
                <line number="238" hits="1" branch="false" />
                <line number="239" hits="1" branch="false" />
                <line number="240" hits="1" branch="false" />
                <line number="241" hits="1" branch="false" />
                <line number="242" hits="1" branch="false" />
                <line number="243" hits="1" branch="false" />
                <line number="244" hits="1" branch="false" />
                <line number="245" hits="1" branch="false" />
                <line number="246" hits="1" branch="false" />
                <line number="247" hits="1" branch="false" />
                <line number="248" hits="1" branch="false" />
                <line number="249" hits="1" branch="false" />
              </lines>
            </method>
            <method name="AnyShipsLeft_Works" signature="()" line-rate="1" branch-rate="1" complexity="1">
              <lines>
                <line number="253" hits="1" branch="false" />
                <line number="254" hits="1" branch="false" />
                <line number="256" hits="1" branch="false" />
                <line number="258" hits="1" branch="false" />
                <line number="259" hits="1" branch="false" />
                <line number="261" hits="1" branch="false" />
                <line number="263" hits="1" branch="false" />
                <line number="264" hits="1" branch="false" />
                <line number="265" hits="1" branch="false" />
                <line number="266" hits="1" branch="false" />
                <line number="268" hits="1" branch="false" />
                <line number="269" hits="1" branch="false" />
              </lines>
            </method>
            <method name="SameAreaHitTwice_IsAMiss" signature="()" line-rate="1" branch-rate="1" complexity="1">
              <lines>
                <line number="273" hits="1" branch="false" />
                <line number="274" hits="1" branch="false" />
                <line number="276" hits="1" branch="false" />
                <line number="277" hits="1" branch="false" />
                <line number="279" hits="1" branch="false" />
                <line number="281" hits="1" branch="false" />
                <line number="283" hits="1" branch="false" />
                <line number="284" hits="1" branch="false" />
              </lines>
            </method>
            <method name="TryAddShip_MustBeWithinBoard" signature="()" line-rate="1" branch-rate="1" complexity="1">
              <lines>
                <line number="288" hits="1" branch="false" />
                <line number="289" hits="1" branch="false" />
                <line number="291" hits="1" branch="false" />
                <line number="292" hits="1" branch="false" />
                <line number="294" hits="1" branch="false" />
                <line number="295" hits="1" branch="false" />
                <line number="297" hits="1" branch="false" />
                <line number="298" hits="1" branch="false" />
                <line number="300" hits="1" branch="false" />
                <line number="301" hits="1" branch="false" />
                <line number="303" hits="1" branch="false" />
                <line number="304" hits="1" branch="false" />
                <line number="306" hits="1" branch="false" />
                <line number="307" hits="1" branch="false" />
                <line number="309" hits="1" branch="false" />
                <line number="310" hits="1" branch="false" />
                <line number="311" hits="1" branch="false" />
              </lines>
            </method>
            <method name="TryAddShip_DoesntAllowOverlappingShips" signature="()" line-rate="1" branch-rate="1" complexity="1">
              <lines>
                <line number="315" hits="1" branch="false" />
                <line number="316" hits="1" branch="false" />
                <line number="318" hits="1" branch="false" />
                <line number="319" hits="1" branch="false" />
                <line number="321" hits="1" branch="false" />
                <line number="322" hits="1" branch="false" />
                <line number="324" hits="1" branch="false" />
                <line number="325" hits="1" branch="false" />
                <line number="327" hits="1" branch="false" />
                <line number="328" hits="1" branch="false" />
                <line number="329" hits="1" branch="false" />
              </lines>
            </method>
          </methods>
          <lines>
            <line number="10" hits="1" branch="false" />
            <line number="11" hits="1" branch="false" />
            <line number="13" hits="1" branch="false" />
            <line number="14" hits="1" branch="false" />
            <line number="15" hits="1" branch="false" />
            <line number="16" hits="1" branch="false" />
            <line number="17" hits="1" branch="false" />
            <line number="18" hits="1" branch="false" />
            <line number="19" hits="1" branch="false" />
            <line number="20" hits="1" branch="false" />
            <line number="21" hits="1" branch="false" />
            <line number="22" hits="1" branch="false" />
            <line number="23" hits="1" branch="false" />
            <line number="24" hits="1" branch="false" />
            <line number="25" hits="1" branch="false" />
            <line number="26" hits="1" branch="false" />
            <line number="27" hits="1" branch="false" />
            <line number="28" hits="1" branch="false" />
            <line number="29" hits="1" branch="false" />
            <line number="30" hits="1" branch="false" />
            <line number="31" hits="1" branch="false" />
            <line number="32" hits="1" branch="false" />
            <line number="33" hits="1" branch="false" />
            <line number="34" hits="1" branch="false" />
            <line number="35" hits="1" branch="false" />
            <line number="36" hits="1" branch="false" />
            <line number="37" hits="1" branch="false" />
            <line number="38" hits="1" branch="false" />
            <line number="39" hits="1" branch="false" />
            <line number="40" hits="1" branch="false" />
            <line number="41" hits="1" branch="false" />
            <line number="42" hits="1" branch="false" />
            <line number="46" hits="1" branch="false" />
            <line number="47" hits="1" branch="false" />
            <line number="49" hits="1" branch="false" />
            <line number="50" hits="1" branch="false" />
            <line number="52" hits="1" branch="false" />
            <line number="53" hits="1" branch="false" />
            <line number="54" hits="1" branch="false" />
            <line number="55" hits="1" branch="false" />
            <line number="56" hits="1" branch="false" />
            <line number="57" hits="1" branch="false" />
            <line number="58" hits="1" branch="false" />
            <line number="59" hits="1" branch="false" />
            <line number="60" hits="1" branch="false" />
            <line number="61" hits="1" branch="false" />
            <line number="62" hits="1" branch="false" />
            <line number="63" hits="1" branch="false" />
            <line number="64" hits="1" branch="false" />
            <line number="65" hits="1" branch="false" />
            <line number="66" hits="1" branch="false" />
            <line number="67" hits="1" branch="false" />
            <line number="68" hits="1" branch="false" />
[...]
            <line number="118" hits="1" branch="false" />
            <line number="119" hits="1" branch="false" />
            <line number="120" hits="1" branch="false" />
            <line number="121" hits="1" branch="false" />
            <line number="122" hits="1" branch="false" />
            <line number="123" hits="1" branch="false" />
            <line number="127" hits="1" branch="false" />
            <line number="128" hits="1" branch="false" />
            <line number="130" hits="1" branch="false" />
            <line number="131" hits="1" branch="false" />
            <line number="133" hits="1" branch="false" />
            <line number="134" hits="1" branch="false" />
            <line number="136" hits="1" branch="false" />
            <line number="137" hits="1" branch="false" />
            <line number="138" hits="1" branch="false" />
            <line number="139" hits="1" branch="false" />
            <line number="140" hits="1" branch="false" />
            <line number="141" hits="1" branch="false" />
            <line number="142" hits="1" branch="false" />
            <line number="143" hits="1" branch="false" />
            <line number="144" hits="1" branch="false" />
            <line number="145" hits="1" branch="false" />
            <line number="146" hits="1" branch="false" />
            <line number="147" hits="1" branch="false" />
            <line number="148" hits="1" branch="false" />
            <line number="149" hits="1" branch="false" />
            <line number="150" hits="1" branch="false" />
            <line number="151" hits="1" branch="false" />
            <line number="152" hits="1" branch="false" />
            <line number="153" hits="1" branch="false" />
            <line number="154" hits="1" branch="false" />
            <line number="155" hits="1" branch="false" />
            <line number="156" hits="1" branch="false" />
            <line number="157" hits="1" branch="false" />
            <line number="158" hits="1" branch="false" />
            <line number="159" hits="1" branch="false" />
            <line number="160" hits="1" branch="false" />
            <line number="161" hits="1" branch="false" />
            <line number="162" hits="1" branch="false" />
            <line number="163" hits="1" branch="false" />
            <line number="164" hits="1" branch="false" />
            <line number="165" hits="1" branch="false" />
            <line number="169" hits="1" branch="false" />
            <line number="170" hits="1" branch="false" />
            <line number="172" hits="1" branch="false" />
            <line number="173" hits="1" branch="false" />
            <line number="175" hits="1" branch="false" />
            <line number="176" hits="1" branch="false" />
            <line number="178" hits="1" branch="false" />
            <line number="179" hits="1" branch="false" />
            <line number="180" hits="1" branch="false" />
            <line number="181" hits="1" branch="false" />
            <line number="182" hits="1" branch="false" />
            <line number="183" hits="1" branch="false" />
            <line number="184" hits="1" branch="false" />
            <line number="185" hits="1" branch="false" />
            <line number="186" hits="1" branch="false" />
            <line number="187" hits="1" branch="false" />
            <line number="188" hits="1" branch="false" />
            <line number="189" hits="1" branch="false" />
            <line number="190" hits="1" branch="false" />
            <line number="191" hits="1" branch="false" />
            <line number="192" hits="1" branch="false" />
            <line number="193" hits="1" branch="false" />
            <line number="194" hits="1" branch="false" />
            <line number="195" hits="1" branch="false" />
            <line number="196" hits="1" branch="false" />
            <line number="197" hits="1" branch="false" />
            <line number="198" hits="1" branch="false" />
            <line number="199" hits="1" branch="false" />
            <line number="200" hits="1" branch="false" />
            <line number="201" hits="1" branch="false" />
            <line number="202" hits="1" branch="false" />
            <line number="203" hits="1" branch="false" />
            <line number="204" hits="1" branch="false" />
            <line number="205" hits="1" branch="false" />
            <line number="206" hits="1" branch="false" />
            <line number="207" hits="1" branch="false" />
            <line number="211" hits="1" branch="false" />
            <line number="212" hits="1" branch="false" />
            <line number="214" hits="1" branch="false" />
            <line number="215" hits="1" branch="false" />
            <line number="217" hits="1" branch="false" />
            <line number="218" hits="1" branch="false" />
            <line number="220" hits="1" branch="false" />
            <line number="221" hits="1" branch="false" />
            <line number="222" hits="1" branch="false" />
            <line number="223" hits="1" branch="false" />
            <line number="224" hits="1" branch="false" />
            <line number="225" hits="1" branch="false" />
            <line number="226" hits="1" branch="false" />
            <line number="227" hits="1" branch="false" />
            <line number="228" hits="1" branch="false" />
            <line number="229" hits="1" branch="false" />
            <line number="230" hits="1" branch="false" />
            <line number="231" hits="1" branch="false" />
            <line number="232" hits="1" branch="false" />
            <line number="233" hits="1" branch="false" />
            <line number="234" hits="1" branch="false" />
            <line number="235" hits="1" branch="false" />
            <line number="236" hits="1" branch="false" />
            <line number="237" hits="1" branch="false" />
            <line number="238" hits="1" branch="false" />
            <line number="239" hits="1" branch="false" />
            <line number="240" hits="1" branch="false" />
            <line number="241" hits="1" branch="false" />
            <line number="242" hits="1" branch="false" />
            <line number="243" hits="1" branch="false" />
            <line number="244" hits="1" branch="false" />
            <line number="245" hits="1" branch="false" />
            <line number="246" hits="1" branch="false" />
            <line number="247" hits="1" branch="false" />
            <line number="248" hits="1" branch="false" />
            <line number="249" hits="1" branch="false" />
            <line number="253" hits="1" branch="false" />
            <line number="254" hits="1" branch="false" />
            <line number="256" hits="1" branch="false" />
            <line number="258" hits="1" branch="false" />
            <line number="259" hits="1" branch="false" />
            <line number="261" hits="1" branch="false" />
            <line number="263" hits="1" branch="false" />
            <line number="264" hits="1" branch="false" />
            <line number="265" hits="1" branch="false" />
            <line number="266" hits="1" branch="false" />
            <line number="268" hits="1" branch="false" />
            <line number="269" hits="1" branch="false" />
            <line number="273" hits="1" branch="false" />
            <line number="274" hits="1" branch="false" />
            <line number="276" hits="1" branch="false" />
            <line number="277" hits="1" branch="false" />
            <line number="279" hits="1" branch="false" />
            <line number="281" hits="1" branch="false" />
            <line number="283" hits="1" branch="false" />
            <line number="284" hits="1" branch="false" />
            <line number="288" hits="1" branch="false" />
            <line number="289" hits="1" branch="false" />
            <line number="291" hits="1" branch="false" />
            <line number="292" hits="1" branch="false" />
            <line number="294" hits="1" branch="false" />
            <line number="295" hits="1" branch="false" />
            <line number="297" hits="1" branch="false" />
            <line number="298" hits="1" branch="false" />
            <line number="300" hits="1" branch="false" />
            <line number="301" hits="1" branch="false" />
            <line number="303" hits="1" branch="false" />
            <line number="304" hits="1" branch="false" />
            <line number="306" hits="1" branch="false" />
            <line number="307" hits="1" branch="false" />
            <line number="309" hits="1" branch="false" />
            <line number="310" hits="1" branch="false" />
            <line number="311" hits="1" branch="false" />
            <line number="315" hits="1" branch="false" />
            <line number="316" hits="1" branch="false" />
            <line number="318" hits="1" branch="false" />
            <line number="319" hits="1" branch="false" />
            <line number="321" hits="1" branch="false" />
            <line number="322" hits="1" branch="false" />
            <line number="324" hits="1" branch="false" />
            <line number="325" hits="1" branch="false" />
            <line number="327" hits="1" branch="false" />
            <line number="328" hits="1" branch="false" />
            <line number="329" hits="1" branch="false" />
          </lines>
        </class>
        <class name="BattleshipTests.InputControllerTests" filename="C:\Users\antho\Desktop\battleships\BattleshipTests\InputControllerTest.cs" line-rate="1" branch-rate="1" complexity="2">
          <methods>
            <method name="ParseOrientationString_Works" signature="()" line-rate="1" branch-rate="1" complexity="1">
              <lines>
                <line number="10" hits="1" branch="false" />
                <line number="11" hits="1" branch="false" />
                <line number="12" hits="1" branch="false" />
                <line number="13" hits="1" branch="false" />
                <line number="14" hits="1" branch="false" />
                <line number="16" hits="1" branch="false" />
                <line number="17" hits="1" branch="false" />
                <line number="18" hits="1" branch="false" />
                <line number="19" hits="1" branch="false" />
                <line number="21" hits="1" branch="false" />
                <line number="22" hits="1" branch="false" />
                <line number="23" hits="1" branch="false" />
                <line number="24" hits="1" branch="false" />
                <line number="25" hits="1" branch="false" />
              </lines>
            </method>
            <method name="ParseVector2String_Works" signature="()" line-rate="1" branch-rate="1" complexity="1">
              <lines>
                <line number="29" hits="1" branch="false" />
                <line number="30" hits="1" branch="false" />
                <line number="31" hits="1" branch="false" />
                <line number="32" hits="1" branch="false" />
                <line number="33" hits="1" branch="false" />
                <line number="34" hits="1" branch="false" />
                <line number="35" hits="1" branch="false" />
                <line number="36" hits="1" branch="false" />
                <line number="37" hits="1" branch="false" />
                <line number="39" hits="1" branch="false" />
                <line number="40" hits="1" branch="false" />
                <line number="41" hits="1" branch="false" />
                <line number="42" hits="1" branch="false" />
                <line number="43" hits="1" branch="false" />
                <line number="44" hits="1" branch="false" />
                <line number="45" hits="1" branch="false" />
              </lines>
            </method>
          </methods>
          <lines>
            <line number="10" hits="1" branch="false" />
            <line number="11" hits="1" branch="false" />
            <line number="12" hits="1" branch="false" />
            <line number="13" hits="1" branch="false" />
            <line number="14" hits="1" branch="false" />
            <line number="16" hits="1" branch="false" />
            <line number="17" hits="1" branch="false" />
            <line number="18" hits="1" branch="false" />
            <line number="19" hits="1" branch="false" />
            <line number="21" hits="1" branch="false" />
            <line number="22" hits="1" branch="false" />
            <line number="23" hits="1" branch="false" />
            <line number="24" hits="1" branch="false" />
            <line number="25" hits="1" branch="false" />
            <line number="29" hits="1" branch="false" />
            <line number="30" hits="1" branch="false" />
            <line number="31" hits="1" branch="false" />
            <line number="32" hits="1" branch="false" />
            <line number="33" hits="1" branch="false" />
            <line number="34" hits="1" branch="false" />
            <line number="35" hits="1" branch="false" />
            <line number="36" hits="1" branch="false" />
            <line number="37" hits="1" branch="false" />
            <line number="39" hits="1" branch="false" />
            <line number="40" hits="1" branch="false" />
            <line number="41" hits="1" branch="false" />
            <line number="42" hits="1" branch="false" />
            <line number="43" hits="1" branch="false" />
            <line number="44" hits="1" branch="false" />
            <line number="45" hits="1" branch="false" />
          </lines>
        </class>
        <class name="BattleshipTests.Vector2IntTests" filename="C:\Users\antho\Desktop\battleships\BattleshipTests\Vector2IntTests.cs" line-rate="1" branch-rate="1" complexity="4">
          <methods>
            <method name="ToVector2Int_Works" signature="()" line-rate="1" branch-rate="1" complexity="2">
              <lines>
                <line number="10" hits="1" branch="false" />
                <line number="11" hits="1" branch="false" />
                <line number="12" hits="1" branch="false" />
                <line number="13" hits="1" branch="false" />
                <line number="14" hits="1" branch="false" />
                <line number="15" hits="1" branch="false" />
                <line number="16" hits="1" branch="false" />
                <line number="17" hits="1" branch="false" />
                <line number="18" hits="1" branch="false" />
                <line number="19" hits="1" branch="false" />
                <line number="20" hits="1" branch="false" />
                <line number="21" hits="1" branch="false" />
                <line number="22" hits="1" branch="false" />
                <line number="23" hits="1" branch="false" />
                <line number="24" hits="1" branch="false" />
                <line number="25" hits="1" branch="false" />
                <line number="27" hits="27" branch="true" condition-coverage="100% (2/2)" />
                <line number="28" hits="12" branch="false" />
                <line number="30" hits="12" branch="false" />
                <line number="31" hits="12" branch="false" />
                <line number="32" hits="9" branch="false" />
                <line number="33" hits="9" branch="false" />
                <line number="34" hits="3" branch="false" />
                <line number="35" hits="3" branch="false" />
                <line number="36" hits="3" branch="false" />
                <line number="37" hits="3" branch="false" />
                <line number="38" hits="12" branch="false" />
                <line number="39" hits="1" branch="false" />
              </lines>
            </method>
            <method name="ToCellCoordinate_Works" signature="()" line-rate="1" branch-rate="1" complexity="2">
              <lines>
                <line number="43" hits="1" branch="false" />
                <line number="44" hits="1" branch="false" />
                <line number="45" hits="1" branch="false" />
                <line number="46" hits="1" branch="false" />
                <line number="47" hits="1" branch="false" />
                <line number="48" hits="1" branch="false" />
                <line number="49" hits="1" branch="false" />
                <line number="50" hits="1" branch="false" />
                <line number="51" hits="1" branch="false" />
                <line number="52" hits="1" branch="false" />
                <line number="53" hits="1" branch="false" />
                <line number="54" hits="1" branch="false" />
                <line number="55" hits="1" branch="false" />
                <line number="57" hits="21" branch="true" condition-coverage="100% (2/2)" />
                <line number="58" hits="9" branch="false" />
                <line number="59" hits="9" branch="false" />
                <line number="60" hits="9" branch="false" />
                <line number="61" hits="9" branch="false" />
                <line number="62" hits="1" branch="false" />
              </lines>
            </method>
          </methods>
          <lines>
            <line number="10" hits="1" branch="false" />
            <line number="11" hits="1" branch="false" />
            <line number="12" hits="1" branch="false" />
            <line number="13" hits="1" branch="false" />
            <line number="14" hits="1" branch="false" />
            <line number="15" hits="1" branch="false" />
            <line number="16" hits="1" branch="false" />
            <line number="17" hits="1" branch="false" />
            <line number="18" hits="1" branch="false" />
            <line number="19" hits="1" branch="false" />
            <line number="20" hits="1" branch="false" />
            <line number="21" hits="1" branch="false" />
            <line number="22" hits="1" branch="false" />
            <line number="23" hits="1" branch="false" />
            <line number="24" hits="1" branch="false" />
            <line number="25" hits="1" branch="false" />
            <line number="27" hits="27" branch="true" condition-coverage="100% (2/2)" />
            <line number="28" hits="12" branch="false" />
            <line number="30" hits="12" branch="false" />
            <line number="31" hits="12" branch="false" />
            <line number="32" hits="9" branch="false" />
            <line number="33" hits="9" branch="false" />
            <line number="34" hits="3" branch="false" />
            <line number="35" hits="3" branch="false" />
            <line number="36" hits="3" branch="false" />
            <line number="37" hits="3" branch="false" />
            <line number="38" hits="12" branch="false" />
            <line number="39" hits="1" branch="false" />
            <line number="43" hits="1" branch="false" />
            <line number="44" hits="1" branch="false" />
            <line number="45" hits="1" branch="false" />
            <line number="46" hits="1" branch="false" />
            <line number="47" hits="1" branch="false" />
            <line number="48" hits="1" branch="false" />
            <line number="49" hits="1" branch="false" />
            <line number="50" hits="1" branch="false" />
            <line number="51" hits="1" branch="false" />
            <line number="52" hits="1" branch="false" />
            <line number="53" hits="1" branch="false" />
            <line number="54" hits="1" branch="false" />
            <line number="55" hits="1" branch="false" />
            <line number="57" hits="21" branch="true" condition-coverage="100% (2/2)" />
            <line number="58" hits="9" branch="false" />
            <line number="59" hits="9" branch="false" />
            <line number="60" hits="9" branch="false" />
            <line number="61" hits="9" branch="false" />
            <line number="62" hits="1" branch="false" />
          </lines>
        </class>
      </classes>
    </package>
  </packages>
</coverage>